Analysis & Synthesis report for DE1_SoC
Sat Apr 08 19:49:47 2023
Quartus Prime Version 17.0.0 Build 595 04/25/2017 SJ Lite Edition


---------------------
; Table of Contents ;
---------------------
  1. Legal Notice
  2. Analysis & Synthesis Summary
  3. Analysis & Synthesis Settings
  4. Parallel Compilation
  5. Analysis & Synthesis Source Files Read
  6. Analysis & Synthesis Resource Usage Summary
  7. Analysis & Synthesis Resource Utilization by Entity
  8. General Register Statistics
  9. Multiplexer Restructuring Statistics (Restructuring Performed)
 10. Post-Synthesis Netlist Statistics for Top Partition
 11. Elapsed Time Per Partition
 12. Analysis & Synthesis Messages
 13. Analysis & Synthesis Suppressed Messages



----------------
; Legal Notice ;
----------------
Copyright (C) 2017  Intel Corporation. All rights reserved.
Your use of Intel Corporation's design tools, logic functions 
and other software and tools, and its AMPP partner logic 
functions, and any output files from any of the foregoing 
(including device programming or simulation files), and any 
associated documentation or information are expressly subject 
to the terms and conditions of the Intel Program License 
Subscription Agreement, the Intel Quartus Prime License Agreement,
the Intel MegaCore Function License Agreement, or other 
applicable license agreement, including, without limitation, 
that your use is for the sole purpose of programming logic 
devices manufactured by Intel and sold by Intel or its 
authorized distributors.  Please refer to the applicable 
agreement for further details.



+-------------------------------------------------------------------------------+
; Analysis & Synthesis Summary                                                  ;
+---------------------------------+---------------------------------------------+
; Analysis & Synthesis Status     ; Successful - Sat Apr 08 19:49:47 2023       ;
; Quartus Prime Version           ; 17.0.0 Build 595 04/25/2017 SJ Lite Edition ;
; Revision Name                   ; DE1_SoC                                     ;
; Top-level Entity Name           ; alu                                         ;
; Family                          ; Cyclone V                                   ;
; Logic utilization (in ALMs)     ; N/A                                         ;
; Total registers                 ; 0                                           ;
; Total pins                      ; 102                                         ;
; Total virtual pins              ; 0                                           ;
; Total block memory bits         ; 0                                           ;
; Total DSP Blocks                ; 0                                           ;
; Total HSSI RX PCSs              ; 0                                           ;
; Total HSSI PMA RX Deserializers ; 0                                           ;
; Total HSSI TX PCSs              ; 0                                           ;
; Total HSSI PMA TX Serializers   ; 0                                           ;
; Total PLLs                      ; 0                                           ;
; Total DLLs                      ; 0                                           ;
+---------------------------------+---------------------------------------------+


+---------------------------------------------------------------------------------------------------------------------------+
; Analysis & Synthesis Settings                                                                                             ;
+---------------------------------------------------------------------------------+--------------------+--------------------+
; Option                                                                          ; Setting            ; Default Value      ;
+---------------------------------------------------------------------------------+--------------------+--------------------+
; Device                                                                          ; 5CSEMA5F31C6       ;                    ;
; Top-level entity name                                                           ; alu                ; DE1_SoC            ;
; Family name                                                                     ; Cyclone V          ; Cyclone V          ;
; State Machine Processing                                                        ; User-Encoded       ; Auto               ;
; Use smart compilation                                                           ; Off                ; Off                ;
; Enable parallel Assembler and TimeQuest Timing Analyzer during compilation      ; On                 ; On                 ;
; Enable compact report table                                                     ; Off                ; Off                ;
; Restructure Multiplexers                                                        ; Auto               ; Auto               ;
; MLAB Add Timing Constraints For Mixed-Port Feed-Through Mode Setting Don't Care ; Off                ; Off                ;
; Create Debugging Nodes for IP Cores                                             ; Off                ; Off                ;
; Preserve fewer node names                                                       ; On                 ; On                 ;
; OpenCore Plus hardware evaluation                                               ; Enable             ; Enable             ;
; Verilog Version                                                                 ; Verilog_2001       ; Verilog_2001       ;
; VHDL Version                                                                    ; VHDL_1993          ; VHDL_1993          ;
; Safe State Machine                                                              ; Off                ; Off                ;
; Extract Verilog State Machines                                                  ; On                 ; On                 ;
; Extract VHDL State Machines                                                     ; On                 ; On                 ;
; Ignore Verilog initial constructs                                               ; Off                ; Off                ;
; Iteration limit for constant Verilog loops                                      ; 5000               ; 5000               ;
; Iteration limit for non-constant Verilog loops                                  ; 250                ; 250                ;
; Add Pass-Through Logic to Inferred RAMs                                         ; On                 ; On                 ;
; Infer RAMs from Raw Logic                                                       ; On                 ; On                 ;
; Parallel Synthesis                                                              ; On                 ; On                 ;
; DSP Block Balancing                                                             ; Auto               ; Auto               ;
; NOT Gate Push-Back                                                              ; On                 ; On                 ;
; Power-Up Don't Care                                                             ; On                 ; On                 ;
; Remove Redundant Logic Cells                                                    ; Off                ; Off                ;
; Remove Duplicate Registers                                                      ; On                 ; On                 ;
; Ignore CARRY Buffers                                                            ; Off                ; Off                ;
; Ignore CASCADE Buffers                                                          ; Off                ; Off                ;
; Ignore GLOBAL Buffers                                                           ; Off                ; Off                ;
; Ignore ROW GLOBAL Buffers                                                       ; Off                ; Off                ;
; Ignore LCELL Buffers                                                            ; Off                ; Off                ;
; Ignore SOFT Buffers                                                             ; On                 ; On                 ;
; Limit AHDL Integers to 32 Bits                                                  ; Off                ; Off                ;
; Optimization Technique                                                          ; Balanced           ; Balanced           ;
; Carry Chain Length                                                              ; 70                 ; 70                 ;
; Auto Carry Chains                                                               ; On                 ; On                 ;
; Auto Open-Drain Pins                                                            ; On                 ; On                 ;
; Perform WYSIWYG Primitive Resynthesis                                           ; Off                ; Off                ;
; Auto ROM Replacement                                                            ; On                 ; On                 ;
; Auto RAM Replacement                                                            ; On                 ; On                 ;
; Auto DSP Block Replacement                                                      ; On                 ; On                 ;
; Auto Shift Register Replacement                                                 ; Auto               ; Auto               ;
; Allow Shift Register Merging across Hierarchies                                 ; Auto               ; Auto               ;
; Auto Clock Enable Replacement                                                   ; On                 ; On                 ;
; Strict RAM Replacement                                                          ; Off                ; Off                ;
; Allow Synchronous Control Signals                                               ; On                 ; On                 ;
; Force Use of Synchronous Clear Signals                                          ; Off                ; Off                ;
; Auto Resource Sharing                                                           ; Off                ; Off                ;
; Allow Any RAM Size For Recognition                                              ; Off                ; Off                ;
; Allow Any ROM Size For Recognition                                              ; Off                ; Off                ;
; Allow Any Shift Register Size For Recognition                                   ; Off                ; Off                ;
; Use LogicLock Constraints during Resource Balancing                             ; On                 ; On                 ;
; Ignore translate_off and synthesis_off directives                               ; Off                ; Off                ;
; Timing-Driven Synthesis                                                         ; On                 ; On                 ;
; Report Parameter Settings                                                       ; On                 ; On                 ;
; Report Source Assignments                                                       ; On                 ; On                 ;
; Report Connectivity Checks                                                      ; On                 ; On                 ;
; Ignore Maximum Fan-Out Assignments                                              ; Off                ; Off                ;
; Synchronization Register Chain Length                                           ; 3                  ; 3                  ;
; PowerPlay Power Optimization During Synthesis                                   ; Normal compilation ; Normal compilation ;
; HDL message level                                                               ; Level2             ; Level2             ;
; Suppress Register Optimization Related Messages                                 ; Off                ; Off                ;
; Number of Removed Registers Reported in Synthesis Report                        ; 5000               ; 5000               ;
; Number of Swept Nodes Reported in Synthesis Report                              ; 5000               ; 5000               ;
; Number of Inverted Registers Reported in Synthesis Report                       ; 100                ; 100                ;
; Clock MUX Protection                                                            ; On                 ; On                 ;
; Auto Gated Clock Conversion                                                     ; Off                ; Off                ;
; Block Design Naming                                                             ; Auto               ; Auto               ;
; SDC constraint protection                                                       ; Off                ; Off                ;
; Synthesis Effort                                                                ; Auto               ; Auto               ;
; Shift Register Replacement - Allow Asynchronous Clear Signal                    ; On                 ; On                 ;
; Pre-Mapping Resynthesis Optimization                                            ; Off                ; Off                ;
; Analysis & Synthesis Message Level                                              ; Medium             ; Medium             ;
; Disable Register Merging Across Hierarchies                                     ; Auto               ; Auto               ;
; Resource Aware Inference For Block RAM                                          ; On                 ; On                 ;
; Automatic Parallel Synthesis                                                    ; On                 ; On                 ;
; Partial Reconfiguration Bitstream ID                                            ; Off                ; Off                ;
+---------------------------------------------------------------------------------+--------------------+--------------------+


+------------------------------------------+
; Parallel Compilation                     ;
+----------------------------+-------------+
; Processors                 ; Number      ;
+----------------------------+-------------+
; Number detected on machine ; 12          ;
; Maximum allowed            ; 12          ;
;                            ;             ;
; Average used               ; 1.00        ;
; Maximum used               ; 1           ;
;                            ;             ;
; Usage by Processor         ; % Time Used ;
;     Processor 1            ; 100.0%      ;
+----------------------------+-------------+


+-------------------------------------------------------------------------------------------------------------------------------------------------------+
; Analysis & Synthesis Source Files Read                                                                                                                ;
+----------------------------------+-----------------+------------------------------+---------------------------------------------------------+---------+
; File Name with User-Entered Path ; Used in Netlist ; File Type                    ; File Name with Absolute Path                            ; Library ;
+----------------------------------+-----------------+------------------------------+---------------------------------------------------------+---------+
; alu.sv                           ; yes             ; User SystemVerilog HDL File  ; C:/Users/Aaron Hong/Downloads/ee469 lab1/alu.sv         ;         ;
; fulladder32.sv                   ; yes             ; User SystemVerilog HDL File  ; C:/Users/Aaron Hong/Downloads/ee469 lab1/fulladder32.sv ;         ;
; fulladder.sv                     ; yes             ; User SystemVerilog HDL File  ; C:/Users/Aaron Hong/Downloads/ee469 lab1/fulladder.sv   ;         ;
; alu.tv                           ; yes             ; Auto-Generated Megafunction  ; alu.tv                                                  ;         ;
+----------------------------------+-----------------+------------------------------+---------------------------------------------------------+---------+


+-------------------------------------------------------------------+
; Analysis & Synthesis Resource Usage Summary                       ;
+---------------------------------------------+---------------------+
; Resource                                    ; Usage               ;
+---------------------------------------------+---------------------+
; Estimate of Logic utilization (ALMs needed) ; 76                  ;
;                                             ;                     ;
; Combinational ALUT usage for logic          ; 123                 ;
;     -- 7 input functions                    ; 0                   ;
;     -- 6 input functions                    ; 28                  ;
;     -- 5 input functions                    ; 27                  ;
;     -- 4 input functions                    ; 13                  ;
;     -- <=3 input functions                  ; 55                  ;
;                                             ;                     ;
; Dedicated logic registers                   ; 0                   ;
;                                             ;                     ;
; I/O pins                                    ; 102                 ;
;                                             ;                     ;
; Total DSP Blocks                            ; 0                   ;
;                                             ;                     ;
; Maximum fan-out node                        ; ALUControl[0]~input ;
; Maximum fan-out                             ; 68                  ;
; Total fan-out                               ; 617                 ;
; Average fan-out                             ; 1.89                ;
+---------------------------------------------+---------------------+


+-------------------------------------------------------------------------------------------------------------------------------------------------------------------------------------------------------+
; Analysis & Synthesis Resource Utilization by Entity                                                                                                                                                   ;
+----------------------------+---------------------+---------------------------+-------------------+------------+------+--------------+------------------------------------+-------------+--------------+
; Compilation Hierarchy Node ; Combinational ALUTs ; Dedicated Logic Registers ; Block Memory Bits ; DSP Blocks ; Pins ; Virtual Pins ; Full Hierarchy Name                ; Entity Name ; Library Name ;
+----------------------------+---------------------+---------------------------+-------------------+------------+------+--------------+------------------------------------+-------------+--------------+
; |alu                       ; 123 (80)            ; 0 (0)                     ; 0                 ; 0          ; 102  ; 0            ; |alu                               ; alu         ; work         ;
;    |fulladder32:FA|        ; 43 (0)              ; 0 (0)                     ; 0                 ; 0          ; 0    ; 0            ; |alu|fulladder32:FA                ; fulladder32 ; work         ;
;       |fulladder:FA10|     ; 1 (1)               ; 0 (0)                     ; 0                 ; 0          ; 0    ; 0            ; |alu|fulladder32:FA|fulladder:FA10 ; fulladder   ; work         ;
;       |fulladder:FA11|     ; 1 (1)               ; 0 (0)                     ; 0                 ; 0          ; 0    ; 0            ; |alu|fulladder32:FA|fulladder:FA11 ; fulladder   ; work         ;
;       |fulladder:FA13|     ; 2 (2)               ; 0 (0)                     ; 0                 ; 0          ; 0    ; 0            ; |alu|fulladder32:FA|fulladder:FA13 ; fulladder   ; work         ;
;       |fulladder:FA14|     ; 3 (3)               ; 0 (0)                     ; 0                 ; 0          ; 0    ; 0            ; |alu|fulladder32:FA|fulladder:FA14 ; fulladder   ; work         ;
;       |fulladder:FA15|     ; 1 (1)               ; 0 (0)                     ; 0                 ; 0          ; 0    ; 0            ; |alu|fulladder32:FA|fulladder:FA15 ; fulladder   ; work         ;
;       |fulladder:FA16|     ; 1 (1)               ; 0 (0)                     ; 0                 ; 0          ; 0    ; 0            ; |alu|fulladder32:FA|fulladder:FA16 ; fulladder   ; work         ;
;       |fulladder:FA18|     ; 2 (2)               ; 0 (0)                     ; 0                 ; 0          ; 0    ; 0            ; |alu|fulladder32:FA|fulladder:FA18 ; fulladder   ; work         ;
;       |fulladder:FA19|     ; 3 (3)               ; 0 (0)                     ; 0                 ; 0          ; 0    ; 0            ; |alu|fulladder32:FA|fulladder:FA19 ; fulladder   ; work         ;
;       |fulladder:FA1|      ; 1 (1)               ; 0 (0)                     ; 0                 ; 0          ; 0    ; 0            ; |alu|fulladder32:FA|fulladder:FA1  ; fulladder   ; work         ;
;       |fulladder:FA20|     ; 1 (1)               ; 0 (0)                     ; 0                 ; 0          ; 0    ; 0            ; |alu|fulladder32:FA|fulladder:FA20 ; fulladder   ; work         ;
;       |fulladder:FA21|     ; 1 (1)               ; 0 (0)                     ; 0                 ; 0          ; 0    ; 0            ; |alu|fulladder32:FA|fulladder:FA21 ; fulladder   ; work         ;
;       |fulladder:FA23|     ; 2 (2)               ; 0 (0)                     ; 0                 ; 0          ; 0    ; 0            ; |alu|fulladder32:FA|fulladder:FA23 ; fulladder   ; work         ;
;       |fulladder:FA24|     ; 3 (3)               ; 0 (0)                     ; 0                 ; 0          ; 0    ; 0            ; |alu|fulladder32:FA|fulladder:FA24 ; fulladder   ; work         ;
;       |fulladder:FA25|     ; 1 (1)               ; 0 (0)                     ; 0                 ; 0          ; 0    ; 0            ; |alu|fulladder32:FA|fulladder:FA25 ; fulladder   ; work         ;
;       |fulladder:FA26|     ; 1 (1)               ; 0 (0)                     ; 0                 ; 0          ; 0    ; 0            ; |alu|fulladder32:FA|fulladder:FA26 ; fulladder   ; work         ;
;       |fulladder:FA28|     ; 2 (2)               ; 0 (0)                     ; 0                 ; 0          ; 0    ; 0            ; |alu|fulladder32:FA|fulladder:FA28 ; fulladder   ; work         ;
;       |fulladder:FA29|     ; 3 (3)               ; 0 (0)                     ; 0                 ; 0          ; 0    ; 0            ; |alu|fulladder32:FA|fulladder:FA29 ; fulladder   ; work         ;
;       |fulladder:FA31|     ; 2 (2)               ; 0 (0)                     ; 0                 ; 0          ; 0    ; 0            ; |alu|fulladder32:FA|fulladder:FA31 ; fulladder   ; work         ;
;       |fulladder:FA3|      ; 2 (2)               ; 0 (0)                     ; 0                 ; 0          ; 0    ; 0            ; |alu|fulladder32:FA|fulladder:FA3  ; fulladder   ; work         ;
;       |fulladder:FA4|      ; 3 (3)               ; 0 (0)                     ; 0                 ; 0          ; 0    ; 0            ; |alu|fulladder32:FA|fulladder:FA4  ; fulladder   ; work         ;
;       |fulladder:FA5|      ; 1 (1)               ; 0 (0)                     ; 0                 ; 0          ; 0    ; 0            ; |alu|fulladder32:FA|fulladder:FA5  ; fulladder   ; work         ;
;       |fulladder:FA6|      ; 1 (1)               ; 0 (0)                     ; 0                 ; 0          ; 0    ; 0            ; |alu|fulladder32:FA|fulladder:FA6  ; fulladder   ; work         ;
;       |fulladder:FA8|      ; 2 (2)               ; 0 (0)                     ; 0                 ; 0          ; 0    ; 0            ; |alu|fulladder32:FA|fulladder:FA8  ; fulladder   ; work         ;
;       |fulladder:FA9|      ; 3 (3)               ; 0 (0)                     ; 0                 ; 0          ; 0    ; 0            ; |alu|fulladder32:FA|fulladder:FA9  ; fulladder   ; work         ;
+----------------------------+---------------------+---------------------------+-------------------+------------+------+--------------+------------------------------------+-------------+--------------+
Note: For table entries with two numbers listed, the numbers in parentheses indicate the number of resources of the given type used by the specific entity alone. The numbers listed outside of parentheses indicate the total resources of the given type used by the specific entity and all of its sub-entities in the hierarchy.


+------------------------------------------------------+
; General Register Statistics                          ;
+----------------------------------------------+-------+
; Statistic                                    ; Value ;
+----------------------------------------------+-------+
; Total registers                              ; 0     ;
; Number of registers using Synchronous Clear  ; 0     ;
; Number of registers using Synchronous Load   ; 0     ;
; Number of registers using Asynchronous Clear ; 0     ;
; Number of registers using Asynchronous Load  ; 0     ;
; Number of registers using Clock Enable       ; 0     ;
; Number of registers using Preset             ; 0     ;
+----------------------------------------------+-------+


+------------------------------------------------------------------------------------------------------------------------------------------+
; Multiplexer Restructuring Statistics (Restructuring Performed)                                                                           ;
+--------------------+-----------+---------------+----------------------+------------------------+------------+----------------------------+
; Multiplexer Inputs ; Bus Width ; Baseline Area ; Area if Restructured ; Saving if Restructured ; Registered ; Example Multiplexer Output ;
+--------------------+-----------+---------------+----------------------+------------------------+------------+----------------------------+
; 4:1                ; 32 bits   ; 64 LEs        ; 64 LEs               ; 0 LEs                  ; No         ; |alu|Mux31                 ;
+--------------------+-----------+---------------+----------------------+------------------------+------------+----------------------------+


+-----------------------------------------------------+
; Post-Synthesis Netlist Statistics for Top Partition ;
+-----------------------+-----------------------------+
; Type                  ; Count                       ;
+-----------------------+-----------------------------+
; arriav_lcell_comb     ; 123                         ;
;     normal            ; 123                         ;
;         2 data inputs ; 41                          ;
;         3 data inputs ; 14                          ;
;         4 data inputs ; 13                          ;
;         5 data inputs ; 27                          ;
;         6 data inputs ; 28                          ;
; boundary_port         ; 102                         ;
;                       ;                             ;
; Max LUT depth         ; 14.00                       ;
; Average LUT depth     ; 9.96                        ;
+-----------------------+-----------------------------+


+-------------------------------+
; Elapsed Time Per Partition    ;
+----------------+--------------+
; Partition Name ; Elapsed Time ;
+----------------+--------------+
; Top            ; 00:00:00     ;
+----------------+--------------+


+-------------------------------+
; Analysis & Synthesis Messages ;
+-------------------------------+
Info: *******************************************************************
Info: Running Quartus Prime Analysis & Synthesis
    Info: Version 17.0.0 Build 595 04/25/2017 SJ Lite Edition
    Info: Processing started: Sat Apr 08 19:49:40 2023
Info: Command: quartus_map --read_settings_files=on --write_settings_files=off DE1_SoC -c DE1_SoC
Info (20030): Parallel compilation is enabled and will use 12 of the 12 processors detected
Info (12021): Found 2 design units, including 2 entities, in source file centerlight.sv
    Info (12023): Found entity 1: centerlight File: C:/Users/Aaron Hong/Downloads/ee469 lab1/centerlight.sv Line: 12
    Info (12023): Found entity 2: centerlight_testbench File: C:/Users/Aaron Hong/Downloads/ee469 lab1/centerlight.sv Line: 50
Info (12021): Found 2 design units, including 2 entities, in source file normallight.sv
    Info (12023): Found entity 1: normallight File: C:/Users/Aaron Hong/Downloads/ee469 lab1/normallight.sv Line: 12
    Info (12023): Found entity 2: normallight_testbench File: C:/Users/Aaron Hong/Downloads/ee469 lab1/normallight.sv Line: 42
Info (12021): Found 2 design units, including 2 entities, in source file de1_soc.sv
    Info (12023): Found entity 1: DE1_SoC File: C:/Users/Aaron Hong/Downloads/ee469 lab1/DE1_SoC.sv Line: 16
    Info (12023): Found entity 2: DE1_SoC_testbench File: C:/Users/Aaron Hong/Downloads/ee469 lab1/DE1_SoC.sv Line: 85
Info (12021): Found 2 design units, including 2 entities, in source file clock_divider.sv
    Info (12023): Found entity 1: clock_divider File: C:/Users/Aaron Hong/Downloads/ee469 lab1/clock_divider.sv Line: 14
    Info (12023): Found entity 2: clock_divider_testbench File: C:/Users/Aaron Hong/Downloads/ee469 lab1/clock_divider.sv Line: 25
Info (12021): Found 1 design units, including 1 entities, in source file block diagram.bdf
    Info (12023): Found entity 1: block diagram
Info (12021): Found 2 design units, including 2 entities, in source file userinput.sv
    Info (12023): Found entity 1: userinput File: C:/Users/Aaron Hong/Downloads/ee469 lab1/userinput.sv Line: 11
    Info (12023): Found entity 2: userinput_testbench File: C:/Users/Aaron Hong/Downloads/ee469 lab1/userinput.sv Line: 44
Info (12021): Found 2 design units, including 2 entities, in source file meta.sv
    Info (12023): Found entity 1: meta File: C:/Users/Aaron Hong/Downloads/ee469 lab1/meta.sv Line: 10
    Info (12023): Found entity 2: meta_testbench File: C:/Users/Aaron Hong/Downloads/ee469 lab1/meta.sv Line: 30
Info (12021): Found 2 design units, including 2 entities, in source file counter.sv
    Info (12023): Found entity 1: counter File: C:/Users/Aaron Hong/Downloads/ee469 lab1/counter.sv Line: 10
    Info (12023): Found entity 2: counter_testbench File: C:/Users/Aaron Hong/Downloads/ee469 lab1/counter.sv Line: 27
Info (12021): Found 2 design units, including 2 entities, in source file lfsr.sv
    Info (12023): Found entity 1: lfsr File: C:/Users/Aaron Hong/Downloads/ee469 lab1/lfsr.sv Line: 10
    Info (12023): Found entity 2: lfsr_testbench File: C:/Users/Aaron Hong/Downloads/ee469 lab1/lfsr.sv Line: 31
Info (12021): Found 2 design units, including 2 entities, in source file comparator.sv
    Info (12023): Found entity 1: comparator File: C:/Users/Aaron Hong/Downloads/ee469 lab1/comparator.sv Line: 10
    Info (12023): Found entity 2: comparator_testbench File: C:/Users/Aaron Hong/Downloads/ee469 lab1/comparator.sv Line: 35
Info (12021): Found 2 design units, including 2 entities, in source file victory.sv
    Info (12023): Found entity 1: victory File: C:/Users/Aaron Hong/Downloads/ee469 lab1/victory.sv Line: 11
    Info (12023): Found entity 2: victory_testbench File: C:/Users/Aaron Hong/Downloads/ee469 lab1/victory.sv Line: 43
Info (12021): Found 2 design units, including 2 entities, in source file seg7.sv
    Info (12023): Found entity 1: seg7 File: C:/Users/Aaron Hong/Downloads/ee469 lab1/seg7.sv Line: 11
    Info (12023): Found entity 2: seg7_testbench File: C:/Users/Aaron Hong/Downloads/ee469 lab1/seg7.sv Line: 34
Info (12021): Found 2 design units, including 2 entities, in source file reg_file.sv
    Info (12023): Found entity 1: reg_file File: C:/Users/Aaron Hong/Downloads/ee469 lab1/reg_file.sv Line: 6
    Info (12023): Found entity 2: reg_file_testbench File: C:/Users/Aaron Hong/Downloads/ee469 lab1/reg_file.sv Line: 29
Info (12021): Found 2 design units, including 2 entities, in source file alu.sv
    Info (12023): Found entity 1: alu File: C:/Users/Aaron Hong/Downloads/ee469 lab1/alu.sv Line: 6
    Info (12023): Found entity 2: alu_testbench File: C:/Users/Aaron Hong/Downloads/ee469 lab1/alu.sv Line: 41
Info (12021): Found 2 design units, including 2 entities, in source file fulladder32.sv
    Info (12023): Found entity 1: fulladder32 File: C:/Users/Aaron Hong/Downloads/ee469 lab1/fulladder32.sv Line: 9
    Info (12023): Found entity 2: fulladder4_testbench File: C:/Users/Aaron Hong/Downloads/ee469 lab1/fulladder32.sv Line: 55
Info (12021): Found 2 design units, including 2 entities, in source file fulladder.sv
    Info (12023): Found entity 1: fulladder File: C:/Users/Aaron Hong/Downloads/ee469 lab1/fulladder.sv Line: 9
    Info (12023): Found entity 2: fulladder_testbench File: C:/Users/Aaron Hong/Downloads/ee469 lab1/fulladder.sv Line: 20
Info (12127): Elaborating entity "alu" for the top level hierarchy
Info (12128): Elaborating entity "fulladder32" for hierarchy "fulladder32:FA" File: C:/Users/Aaron Hong/Downloads/ee469 lab1/alu.sv Line: 18
Info (12128): Elaborating entity "fulladder" for hierarchy "fulladder32:FA|fulladder:FA0" File: C:/Users/Aaron Hong/Downloads/ee469 lab1/fulladder32.sv Line: 20
Info (286030): Timing-Driven Synthesis is running
Info (144001): Generated suppressed messages file C:/Users/Aaron Hong/Downloads/ee469 lab1/output_files/DE1_SoC.map.smsg
Info (16010): Generating hard_block partition "hard_block:auto_generated_inst"
    Info (16011): Adding 0 node(s), including 0 DDIO, 0 PLL, 0 transceiver and 0 LCELL
Info (21057): Implemented 225 device resources after synthesis - the final resource count might be different
    Info (21058): Implemented 66 input pins
    Info (21059): Implemented 36 output pins
    Info (21061): Implemented 123 logic cells
Info: Quartus Prime Analysis & Synthesis was successful. 0 errors, 0 warnings
    Info: Peak virtual memory: 4841 megabytes
    Info: Processing ended: Sat Apr 08 19:49:47 2023
    Info: Elapsed time: 00:00:07
    Info: Total CPU time (on all processors): 00:00:03


+------------------------------------------+
; Analysis & Synthesis Suppressed Messages ;
+------------------------------------------+
The suppressed messages can be found in C:/Users/Aaron Hong/Downloads/ee469 lab1/output_files/DE1_SoC.map.smsg.


